{"D:\\program\\Algeol.ts\\ts\\algorithm\\sequence.ts": {"path":"D:\\program\\Algeol.ts\\ts\\algorithm\\sequence.ts","statementMap":{"0":{"start":{"line":12,"column":42},"end":{"line":12,"column":59}},"1":{"start":{"line":12,"column":61},"end":{"line":12,"column":77}},"2":{"start":{"line":13,"column":26},"end":{"line":13,"column":42}},"3":{"start":{"line":14,"column":4},"end":{"line":16,"column":5}},"4":{"start":{"line":15,"column":8},"end":{"line":15,"column":34}},"5":{"start":{"line":17,"column":4},"end":{"line":17,"column":15}},"6":{"start":{"line":26,"column":41},"end":{"line":26,"column":58}},"7":{"start":{"line":26,"column":60},"end":{"line":26,"column":77}},"8":{"start":{"line":27,"column":26},"end":{"line":27,"column":42}},"9":{"start":{"line":28,"column":4},"end":{"line":30,"column":5}},"10":{"start":{"line":29,"column":8},"end":{"line":29,"column":19}},"11":{"start":{"line":31,"column":4},"end":{"line":31,"column":15}},"12":{"start":{"line":35,"column":26},"end":{"line":35,"column":74}},"13":{"start":{"line":36,"column":4},"end":{"line":38,"column":5}},"14":{"start":{"line":37,"column":8},"end":{"line":37,"column":19}},"15":{"start":{"line":39,"column":4},"end":{"line":39,"column":15}},"16":{"start":{"line":45,"column":26},"end":{"line":45,"column":42}},"17":{"start":{"line":46,"column":4},"end":{"line":50,"column":5}},"18":{"start":{"line":47,"column":18},"end":{"line":47,"column":33}},"19":{"start":{"line":48,"column":18},"end":{"line":48,"column":44}},"20":{"start":{"line":49,"column":8},"end":{"line":49,"column":19}},"21":{"start":{"line":51,"column":4},"end":{"line":51,"column":15}},"22":{"start":{"line":57,"column":26},"end":{"line":57,"column":42}},"23":{"start":{"line":58,"column":4},"end":{"line":62,"column":5}},"24":{"start":{"line":59,"column":18},"end":{"line":59,"column":27}},"25":{"start":{"line":60,"column":18},"end":{"line":60,"column":44}},"26":{"start":{"line":61,"column":8},"end":{"line":61,"column":19}},"27":{"start":{"line":63,"column":4},"end":{"line":63,"column":15}},"28":{"start":{"line":73,"column":26},"end":{"line":73,"column":30}},"29":{"start":{"line":74,"column":26},"end":{"line":74,"column":42}},"30":{"start":{"line":75,"column":19},"end":{"line":75,"column":46}},"31":{"start":{"line":76,"column":4},"end":{"line":78,"column":5}},"32":{"start":{"line":77,"column":8},"end":{"line":77,"column":24}},"33":{"start":{"line":79,"column":4},"end":{"line":81,"column":5}},"34":{"start":{"line":80,"column":8},"end":{"line":80,"column":34}},"35":{"start":{"line":82,"column":4},"end":{"line":82,"column":15}},"36":{"start":{"line":90,"column":26},"end":{"line":90,"column":34}},"37":{"start":{"line":91,"column":26},"end":{"line":91,"column":42}},"38":{"start":{"line":92,"column":19},"end":{"line":92,"column":46}},"39":{"start":{"line":93,"column":4},"end":{"line":95,"column":5}},"40":{"start":{"line":94,"column":8},"end":{"line":94,"column":24}},"41":{"start":{"line":96,"column":4},"end":{"line":98,"column":5}},"42":{"start":{"line":97,"column":8},"end":{"line":97,"column":44}},"43":{"start":{"line":99,"column":4},"end":{"line":99,"column":15}},"44":{"start":{"line":109,"column":4},"end":{"line":109,"column":67}},"45":{"start":{"line":109,"column":58},"end":{"line":109,"column":65}},"46":{"start":{"line":121,"column":4},"end":{"line":121,"column":60}},"47":{"start":{"line":121,"column":38},"end":{"line":121,"column":58}},"48":{"start":{"line":138,"column":4},"end":{"line":138,"column":67}},"49":{"start":{"line":138,"column":38},"end":{"line":138,"column":65}},"50":{"start":{"line":142,"column":34},"end":{"line":142,"column":70}},"51":{"start":{"line":143,"column":4},"end":{"line":148,"column":7}},"52":{"start":{"line":144,"column":18},"end":{"line":144,"column":34}},"53":{"start":{"line":145,"column":8},"end":{"line":147,"column":11}},"54":{"start":{"line":146,"column":12},"end":{"line":146,"column":33}},"55":{"start":{"line":149,"column":4},"end":{"line":149,"column":13}},"56":{"start":{"line":153,"column":42},"end":{"line":153,"column":78}},"57":{"start":{"line":154,"column":4},"end":{"line":162,"column":7}},"58":{"start":{"line":155,"column":19},"end":{"line":155,"column":49}},"59":{"start":{"line":156,"column":8},"end":{"line":161,"column":11}},"60":{"start":{"line":157,"column":23},"end":{"line":157,"column":39}},"61":{"start":{"line":158,"column":12},"end":{"line":160,"column":15}},"62":{"start":{"line":159,"column":16},"end":{"line":159,"column":47}},"63":{"start":{"line":163,"column":4},"end":{"line":163,"column":13}}},"fnMap":{"0":{"name":"arithmetic","decl":{"start":{"line":12,"column":6},"end":{"line":12,"column":26}},"loc":{"start":{"line":12,"column":77},"end":{"line":18,"column":1}}},"1":{"name":"geometric","decl":{"start":{"line":26,"column":6},"end":{"line":26,"column":25}},"loc":{"start":{"line":26,"column":77},"end":{"line":32,"column":1}}},"2":{"name":"range_step","decl":{"start":{"line":34,"column":6},"end":{"line":34,"column":26}},"loc":{"start":{"line":34,"column":68},"end":{"line":40,"column":1}}},"3":{"name":"range","decl":{"start":{"line":44,"column":6},"end":{"line":44,"column":21}},"loc":{"start":{"line":44,"column":64},"end":{"line":52,"column":1}}},"4":{"name":"range_wo_last","decl":{"start":{"line":56,"column":6},"end":{"line":56,"column":29}},"loc":{"start":{"line":56,"column":72},"end":{"line":64,"column":1}}},"5":{"name":"recurrence_relation_1","decl":{"start":{"line":72,"column":6},"end":{"line":72,"column":37}},"loc":{"start":{"line":72,"column":95},"end":{"line":83,"column":1}}},"6":{"name":"recurrence_relation_2","decl":{"start":{"line":89,"column":6},"end":{"line":89,"column":37}},"loc":{"start":{"line":89,"column":119},"end":{"line":100,"column":1}}},"7":{"name":"fibonacci","decl":{"start":{"line":108,"column":6},"end":{"line":108,"column":25}},"loc":{"start":{"line":108,"column":39},"end":{"line":110,"column":1}}},"8":{"name":"(anonymous_8)","decl":{"start":{"line":109,"column":46},"end":{"line":109,"column":46}},"loc":{"start":{"line":109,"column":53},"end":{"line":109,"column":65}}},"9":{"name":"binomial_coefficients","decl":{"start":{"line":120,"column":6},"end":{"line":120,"column":37}},"loc":{"start":{"line":120,"column":47},"end":{"line":122,"column":1}}},"10":{"name":"(anonymous_10)","decl":{"start":{"line":121,"column":33},"end":{"line":121,"column":32}},"loc":{"start":{"line":121,"column":34},"end":{"line":121,"column":58}}},"11":{"name":"bernstein_basis_coefficients","decl":{"start":{"line":137,"column":6},"end":{"line":137,"column":44}},"loc":{"start":{"line":137,"column":65},"end":{"line":139,"column":1}}},"12":{"name":"(anonymous_12)","decl":{"start":{"line":138,"column":33},"end":{"line":138,"column":32}},"loc":{"start":{"line":138,"column":34},"end":{"line":138,"column":65}}},"13":{"name":"to_2d","decl":{"start":{"line":141,"column":6},"end":{"line":141,"column":21}},"loc":{"start":{"line":141,"column":52},"end":{"line":150,"column":1}}},"14":{"name":"(anonymous_14)","decl":{"start":{"line":143,"column":17},"end":{"line":143,"column":17}},"loc":{"start":{"line":143,"column":24},"end":{"line":148,"column":5}}},"15":{"name":"(anonymous_15)","decl":{"start":{"line":145,"column":21},"end":{"line":145,"column":21}},"loc":{"start":{"line":145,"column":28},"end":{"line":147,"column":9}}},"16":{"name":"to_3d","decl":{"start":{"line":152,"column":6},"end":{"line":152,"column":21}},"loc":{"start":{"line":152,"column":68},"end":{"line":164,"column":1}}},"17":{"name":"(anonymous_17)","decl":{"start":{"line":154,"column":17},"end":{"line":154,"column":17}},"loc":{"start":{"line":154,"column":24},"end":{"line":162,"column":5}}},"18":{"name":"(anonymous_18)","decl":{"start":{"line":156,"column":21},"end":{"line":156,"column":21}},"loc":{"start":{"line":156,"column":28},"end":{"line":161,"column":9}}},"19":{"name":"(anonymous_19)","decl":{"start":{"line":158,"column":25},"end":{"line":158,"column":25}},"loc":{"start":{"line":158,"column":32},"end":{"line":160,"column":13}}}},"branchMap":{"0":{"loc":{"start":{"line":12,"column":42},"end":{"line":12,"column":59}},"type":"if","locations":[{"start":{"line":12,"column":42},"end":{"line":12,"column":59}},{"start":{"line":12,"column":42},"end":{"line":12,"column":59}}]},"1":{"loc":{"start":{"line":12,"column":61},"end":{"line":12,"column":77}},"type":"if","locations":[{"start":{"line":12,"column":61},"end":{"line":12,"column":77}},{"start":{"line":12,"column":61},"end":{"line":12,"column":77}}]},"2":{"loc":{"start":{"line":26,"column":41},"end":{"line":26,"column":58}},"type":"if","locations":[{"start":{"line":26,"column":41},"end":{"line":26,"column":58}},{"start":{"line":26,"column":41},"end":{"line":26,"column":58}}]},"3":{"loc":{"start":{"line":26,"column":60},"end":{"line":26,"column":77}},"type":"if","locations":[{"start":{"line":26,"column":60},"end":{"line":26,"column":77}},{"start":{"line":26,"column":60},"end":{"line":26,"column":77}}]}},"s":{"0":5,"1":6,"2":4,"3":4,"4":16,"5":4,"6":5,"7":6,"8":4,"9":4,"10":15,"11":4,"12":0,"13":0,"14":0,"15":0,"16":0,"17":0,"18":0,"19":0,"20":0,"21":0,"22":0,"23":0,"24":0,"25":0,"26":0,"27":0,"28":0,"29":0,"30":0,"31":0,"32":0,"33":0,"34":0,"35":0,"36":0,"37":0,"38":0,"39":0,"40":0,"41":0,"42":0,"43":0,"44":0,"45":0,"46":0,"47":0,"48":0,"49":0,"50":0,"51":0,"52":0,"53":0,"54":0,"55":0,"56":0,"57":0,"58":0,"59":0,"60":0,"61":0,"62":0,"63":0},"f":{"0":4,"1":4,"2":0,"3":0,"4":0,"5":0,"6":0,"7":0,"8":0,"9":0,"10":0,"11":0,"12":0,"13":0,"14":0,"15":0,"16":0,"17":0,"18":0,"19":0},"b":{"0":[1,3],"1":[2,2],"2":[1,3],"3":[2,2]}}
,"D:\\program\\Algeol.ts\\ts\\algorithm\\utility.ts": {"path":"D:\\program\\Algeol.ts\\ts\\algorithm\\utility.ts","statementMap":{"0":{"start":{"line":13,"column":4},"end":{"line":13,"column":17}},"1":{"start":{"line":14,"column":4},"end":{"line":14,"column":30}},"2":{"start":{"line":14,"column":17},"end":{"line":14,"column":30}},"3":{"start":{"line":15,"column":4},"end":{"line":15,"column":15}},"4":{"start":{"line":24,"column":4},"end":{"line":24,"column":15}},"5":{"start":{"line":25,"column":4},"end":{"line":25,"column":28}},"6":{"start":{"line":25,"column":17},"end":{"line":25,"column":28}},"7":{"start":{"line":26,"column":4},"end":{"line":26,"column":15}},"8":{"start":{"line":35,"column":4},"end":{"line":35,"column":29}},"9":{"start":{"line":44,"column":4},"end":{"line":44,"column":29}},"10":{"start":{"line":55,"column":4},"end":{"line":55,"column":48}},"11":{"start":{"line":66,"column":15},"end":{"line":66,"column":33}},"12":{"start":{"line":67,"column":4},"end":{"line":67,"column":69}},"13":{"start":{"line":76,"column":20},"end":{"line":76,"column":29}},"14":{"start":{"line":77,"column":20},"end":{"line":77,"column":32}},"15":{"start":{"line":78,"column":21},"end":{"line":78,"column":39}},"16":{"start":{"line":79,"column":4},"end":{"line":84,"column":5}},"17":{"start":{"line":80,"column":8},"end":{"line":80,"column":35}},"18":{"start":{"line":81,"column":8},"end":{"line":83,"column":9}},"19":{"start":{"line":82,"column":12},"end":{"line":82,"column":35}},"20":{"start":{"line":85,"column":4},"end":{"line":85,"column":13}},"21":{"start":{"line":98,"column":4},"end":{"line":98,"column":71}},"22":{"start":{"line":109,"column":4},"end":{"line":115,"column":5}},"23":{"start":{"line":110,"column":8},"end":{"line":110,"column":57}},"24":{"start":{"line":112,"column":19},"end":{"line":112,"column":61}},"25":{"start":{"line":113,"column":19},"end":{"line":113,"column":74}},"26":{"start":{"line":114,"column":8},"end":{"line":114,"column":103}},"27":{"start":{"line":119,"column":26},"end":{"line":119,"column":101}},"28":{"start":{"line":119,"column":84},"end":{"line":119,"column":101}},"29":{"start":{"line":119,"column":94},"end":{"line":119,"column":101}},"30":{"start":{"line":121,"column":26},"end":{"line":121,"column":123}},"31":{"start":{"line":121,"column":103},"end":{"line":121,"column":123}},"32":{"start":{"line":121,"column":113},"end":{"line":121,"column":123}},"33":{"start":{"line":128,"column":4},"end":{"line":128,"column":72}},"34":{"start":{"line":134,"column":26},"end":{"line":134,"column":87}},"35":{"start":{"line":134,"column":49},"end":{"line":134,"column":87}},"36":{"start":{"line":134,"column":66},"end":{"line":134,"column":86}},"37":{"start":{"line":138,"column":26},"end":{"line":138,"column":88}},"38":{"start":{"line":138,"column":49},"end":{"line":138,"column":88}},"39":{"start":{"line":138,"column":66},"end":{"line":138,"column":87}},"40":{"start":{"line":146,"column":4},"end":{"line":146,"column":45}},"41":{"start":{"line":150,"column":12},"end":{"line":150,"column":14}},"42":{"start":{"line":151,"column":4},"end":{"line":151,"column":35}},"43":{"start":{"line":151,"column":17},"end":{"line":151,"column":25}},"44":{"start":{"line":151,"column":26},"end":{"line":151,"column":33}},"45":{"start":{"line":152,"column":4},"end":{"line":152,"column":20}},"46":{"start":{"line":156,"column":0},"end":{"line":166,"column":1}},"47":{"start":{"line":157,"column":17},"end":{"line":157,"column":84}},"48":{"start":{"line":157,"column":55},"end":{"line":157,"column":83}},"49":{"start":{"line":157,"column":74},"end":{"line":157,"column":79}},"50":{"start":{"line":159,"column":17},"end":{"line":165,"column":6}},"51":{"start":{"line":159,"column":44},"end":{"line":159,"column":61}},"52":{"start":{"line":159,"column":63},"end":{"line":159,"column":79}},"53":{"start":{"line":160,"column":30},"end":{"line":160,"column":46}},"54":{"start":{"line":161,"column":8},"end":{"line":163,"column":9}},"55":{"start":{"line":162,"column":12},"end":{"line":162,"column":23}},"56":{"start":{"line":164,"column":8},"end":{"line":164,"column":19}},"57":{"start":{"line":171,"column":23},"end":{"line":171,"column":55}},"58":{"start":{"line":175,"column":23},"end":{"line":175,"column":55}},"59":{"start":{"line":179,"column":23},"end":{"line":179,"column":55}},"60":{"start":{"line":189,"column":4},"end":{"line":189,"column":32}},"61":{"start":{"line":199,"column":4},"end":{"line":199,"column":57}}},"fnMap":{"0":{"name":"normalize_rad","decl":{"start":{"line":12,"column":6},"end":{"line":12,"column":29}},"loc":{"start":{"line":12,"column":41},"end":{"line":16,"column":1}}},"1":{"name":"normalize_deg","decl":{"start":{"line":23,"column":6},"end":{"line":23,"column":29}},"loc":{"start":{"line":23,"column":41},"end":{"line":27,"column":1}}},"2":{"name":"deg_to_rad","decl":{"start":{"line":34,"column":6},"end":{"line":34,"column":26}},"loc":{"start":{"line":34,"column":38},"end":{"line":36,"column":1}}},"3":{"name":"rad_to_deg","decl":{"start":{"line":43,"column":6},"end":{"line":43,"column":26}},"loc":{"start":{"line":43,"column":38},"end":{"line":45,"column":1}}},"4":{"name":"factorial","decl":{"start":{"line":54,"column":6},"end":{"line":54,"column":25}},"loc":{"start":{"line":54,"column":35},"end":{"line":56,"column":1}}},"5":{"name":"combination","decl":{"start":{"line":65,"column":6},"end":{"line":65,"column":27}},"loc":{"start":{"line":65,"column":48},"end":{"line":68,"column":1}}},"6":{"name":"transpose","decl":{"start":{"line":75,"column":6},"end":{"line":75,"column":28}},"loc":{"start":{"line":75,"column":38},"end":{"line":86,"column":1}}},"7":{"name":"bernstein_basis","decl":{"start":{"line":97,"column":6},"end":{"line":97,"column":31}},"loc":{"start":{"line":97,"column":56},"end":{"line":99,"column":1}}},"8":{"name":"b_spline_basis","decl":{"start":{"line":108,"column":6},"end":{"line":108,"column":30}},"loc":{"start":{"line":108,"column":75},"end":{"line":116,"column":1}}},"9":{"name":"(anonymous_9)","decl":{"start":{"line":119,"column":26},"end":{"line":119,"column":35}},"loc":{"start":{"line":119,"column":66},"end":{"line":119,"column":101}}},"10":{"name":"(anonymous_10)","decl":{"start":{"line":119,"column":84},"end":{"line":119,"column":84}},"loc":{"start":{"line":119,"column":89},"end":{"line":119,"column":101}}},"11":{"name":"(anonymous_11)","decl":{"start":{"line":121,"column":26},"end":{"line":121,"column":38}},"loc":{"start":{"line":121,"column":85},"end":{"line":121,"column":123}}},"12":{"name":"(anonymous_12)","decl":{"start":{"line":121,"column":103},"end":{"line":121,"column":103}},"loc":{"start":{"line":121,"column":108},"end":{"line":121,"column":123}}},"13":{"name":"format_02x","decl":{"start":{"line":127,"column":6},"end":{"line":127,"column":26}},"loc":{"start":{"line":127,"column":36},"end":{"line":129,"column":1}}},"14":{"name":"(anonymous_14)","decl":{"start":{"line":134,"column":26},"end":{"line":134,"column":26}},"loc":{"start":{"line":134,"column":36},"end":{"line":134,"column":87}}},"15":{"name":"(anonymous_15)","decl":{"start":{"line":134,"column":61},"end":{"line":134,"column":60}},"loc":{"start":{"line":134,"column":62},"end":{"line":134,"column":86}}},"16":{"name":"(anonymous_16)","decl":{"start":{"line":138,"column":26},"end":{"line":138,"column":26}},"loc":{"start":{"line":138,"column":36},"end":{"line":138,"column":88}}},"17":{"name":"(anonymous_17)","decl":{"start":{"line":138,"column":61},"end":{"line":138,"column":60}},"loc":{"start":{"line":138,"column":62},"end":{"line":138,"column":87}}},"18":{"name":"clamp","decl":{"start":{"line":145,"column":6},"end":{"line":145,"column":21}},"loc":{"start":{"line":145,"column":57},"end":{"line":147,"column":1}}},"19":{"name":"format_n","decl":{"start":{"line":149,"column":6},"end":{"line":149,"column":24}},"loc":{"start":{"line":149,"column":60},"end":{"line":153,"column":1}}},"20":{"name":"(anonymous_20)","decl":{"start":{"line":156,"column":0},"end":{"line":156,"column":9}},"loc":{"start":{"line":156,"column":14},"end":{"line":166,"column":1}}},"21":{"name":"(anonymous_21)","decl":{"start":{"line":157,"column":30},"end":{"line":157,"column":30}},"loc":{"start":{"line":157,"column":42},"end":{"line":157,"column":83}}},"22":{"name":"(anonymous_22)","decl":{"start":{"line":157,"column":64},"end":{"line":157,"column":64}},"loc":{"start":{"line":157,"column":69},"end":{"line":157,"column":79}}},"23":{"name":"(anonymous_23)","decl":{"start":{"line":159,"column":28},"end":{"line":159,"column":28}},"loc":{"start":{"line":159,"column":79},"end":{"line":165,"column":5}}},"24":{"name":"isin","decl":{"start":{"line":188,"column":6},"end":{"line":188,"column":20}},"loc":{"start":{"line":188,"column":56},"end":{"line":190,"column":1}}},"25":{"name":"xor","decl":{"start":{"line":198,"column":6},"end":{"line":198,"column":19}},"loc":{"start":{"line":198,"column":44},"end":{"line":200,"column":1}}}},"branchMap":{"0":{"loc":{"start":{"line":14,"column":4},"end":{"line":14,"column":30}},"type":"if","locations":[{"start":{"line":14,"column":4},"end":{"line":14,"column":30}},{"start":{"line":14,"column":4},"end":{"line":14,"column":30}}]},"1":{"loc":{"start":{"line":25,"column":4},"end":{"line":25,"column":28}},"type":"if","locations":[{"start":{"line":25,"column":4},"end":{"line":25,"column":28}},{"start":{"line":25,"column":4},"end":{"line":25,"column":28}}]},"2":{"loc":{"start":{"line":109,"column":4},"end":{"line":115,"column":5}},"type":"if","locations":[{"start":{"line":109,"column":4},"end":{"line":115,"column":5}},{"start":{"line":109,"column":4},"end":{"line":115,"column":5}}]},"3":{"loc":{"start":{"line":110,"column":47},"end":{"line":110,"column":50}},"type":"cond-expr","locations":[{"start":{"line":110,"column":47},"end":{"line":110,"column":50}},{"start":{"line":110,"column":53},"end":{"line":110,"column":56}}]},"4":{"loc":{"start":{"line":110,"column":15},"end":{"line":110,"column":27}},"type":"binary-expr","locations":[{"start":{"line":110,"column":15},"end":{"line":110,"column":27}},{"start":{"line":110,"column":31},"end":{"line":110,"column":44}}]},"5":{"loc":{"start":{"line":146,"column":21},"end":{"line":146,"column":24}},"type":"cond-expr","locations":[{"start":{"line":146,"column":21},"end":{"line":146,"column":24}},{"start":{"line":146,"column":27},"end":{"line":146,"column":44}}]},"6":{"loc":{"start":{"line":146,"column":37},"end":{"line":146,"column":40}},"type":"cond-expr","locations":[{"start":{"line":146,"column":37},"end":{"line":146,"column":40}},{"start":{"line":146,"column":43},"end":{"line":146,"column":44}}]},"7":{"loc":{"start":{"line":151,"column":4},"end":{"line":151,"column":35}},"type":"if","locations":[{"start":{"line":151,"column":4},"end":{"line":151,"column":35}},{"start":{"line":151,"column":4},"end":{"line":151,"column":35}}]},"8":{"loc":{"start":{"line":159,"column":44},"end":{"line":159,"column":61}},"type":"if","locations":[{"start":{"line":159,"column":44},"end":{"line":159,"column":61}},{"start":{"line":159,"column":44},"end":{"line":159,"column":61}}]},"9":{"loc":{"start":{"line":159,"column":63},"end":{"line":159,"column":79}},"type":"if","locations":[{"start":{"line":159,"column":63},"end":{"line":159,"column":79}},{"start":{"line":159,"column":63},"end":{"line":159,"column":79}}]},"10":{"loc":{"start":{"line":156,"column":10},"end":{"line":156,"column":14}},"type":"binary-expr","locations":[{"start":{"line":156,"column":10},"end":{"line":156,"column":14}},{"start":{"line":156,"column":10},"end":{"line":156,"column":14}}]},"11":{"loc":{"start":{"line":189,"column":11},"end":{"line":189,"column":19}},"type":"binary-expr","locations":[{"start":{"line":189,"column":11},"end":{"line":189,"column":19}},{"start":{"line":189,"column":23},"end":{"line":189,"column":31}}]},"12":{"loc":{"start":{"line":199,"column":22},"end":{"line":199,"column":27}},"type":"cond-expr","locations":[{"start":{"line":199,"column":22},"end":{"line":199,"column":27}},{"start":{"line":199,"column":30},"end":{"line":199,"column":56}}]},"13":{"loc":{"start":{"line":199,"column":11},"end":{"line":199,"column":13}},"type":"binary-expr","locations":[{"start":{"line":199,"column":11},"end":{"line":199,"column":13}},{"start":{"line":199,"column":17},"end":{"line":199,"column":19}}]},"14":{"loc":{"start":{"line":199,"column":44},"end":{"line":199,"column":49}},"type":"cond-expr","locations":[{"start":{"line":199,"column":44},"end":{"line":199,"column":49}},{"start":{"line":199,"column":52},"end":{"line":199,"column":56}}]},"15":{"loc":{"start":{"line":199,"column":32},"end":{"line":199,"column":34}},"type":"binary-expr","locations":[{"start":{"line":199,"column":32},"end":{"line":199,"column":34}},{"start":{"line":199,"column":38},"end":{"line":199,"column":40}}]}},"s":{"0":4,"1":4,"2":1,"3":4,"4":4,"5":4,"6":1,"7":4,"8":7,"9":4,"10":12,"11":6,"12":6,"13":2,"14":2,"15":2,"16":2,"17":4,"18":4,"19":10,"20":2,"21":0,"22":0,"23":0,"24":0,"25":0,"26":0,"27":2,"28":6,"29":3,"30":2,"31":0,"32":0,"33":4,"34":2,"35":3,"36":3,"37":2,"38":4,"39":4,"40":9,"41":7,"42":7,"43":0,"44":0,"45":7,"46":2,"47":2,"48":18,"49":33,"50":2,"51":18,"52":30,"53":18,"54":18,"55":33,"56":18,"57":2,"58":2,"59":2,"60":5,"61":4},"f":{"0":4,"1":4,"2":7,"3":4,"4":12,"5":6,"6":2,"7":0,"8":0,"9":6,"10":3,"11":0,"12":0,"13":4,"14":3,"15":3,"16":4,"17":4,"18":9,"19":7,"20":2,"21":18,"22":33,"23":18,"24":5,"25":4},"b":{"0":[1,3],"1":[1,3],"2":[0,0],"3":[0,0],"4":[0,0],"5":[1,8],"6":[1,7],"7":[0,7],"8":[0,18],"9":[12,6],"10":[2,2],"11":[5,4],"12":[1,3],"13":[4,2],"14":[1,2],"15":[3,2]}}
,"D:\\program\\Algeol.ts\\ts\\algorithm\\utility_const.ts": {"path":"D:\\program\\Algeol.ts\\ts\\algorithm\\utility_const.ts","statementMap":{"0":{"start":{"line":4,"column":18},"end":{"line":4,"column":30}},"1":{"start":{"line":6,"column":18},"end":{"line":6,"column":30}},"2":{"start":{"line":8,"column":18},"end":{"line":8,"column":30}},"3":{"start":{"line":11,"column":18},"end":{"line":11,"column":25}},"4":{"start":{"line":13,"column":19},"end":{"line":13,"column":25}},"5":{"start":{"line":16,"column":22},"end":{"line":16,"column":25}},"6":{"start":{"line":18,"column":22},"end":{"line":18,"column":24}},"7":{"start":{"line":20,"column":21},"end":{"line":20,"column":27}},"8":{"start":{"line":22,"column":21},"end":{"line":22,"column":27}},"9":{"start":{"line":24,"column":21},"end":{"line":24,"column":27}},"10":{"start":{"line":26,"column":21},"end":{"line":26,"column":27}},"11":{"start":{"line":28,"column":21},"end":{"line":28,"column":28}},"12":{"start":{"line":30,"column":20},"end":{"line":30,"column":27}},"13":{"start":{"line":32,"column":20},"end":{"line":32,"column":28}},"14":{"start":{"line":35,"column":19},"end":{"line":35,"column":31}}},"fnMap":{},"branchMap":{},"s":{"0":2,"1":2,"2":2,"3":2,"4":2,"5":2,"6":2,"7":2,"8":2,"9":2,"10":2,"11":2,"12":2,"13":2,"14":2},"f":{},"b":{}}
}
