TN:
SF:D:\program\Algeol.ts\ts\algorithm\sequence.ts
FN:12,arithmetic
FN:26,geometric
FN:34,range_step
FN:44,range
FN:56,range_wo_last
FN:72,recurrence_relation_1
FN:89,recurrence_relation_2
FN:108,fibonacci
FN:109,(anonymous_8)
FN:120,binomial_coefficients
FN:121,(anonymous_10)
FN:137,bernstein_basis_coefficients
FN:138,(anonymous_12)
FN:141,to_2d
FN:143,(anonymous_14)
FN:145,(anonymous_15)
FN:152,to_3d
FN:154,(anonymous_17)
FN:156,(anonymous_18)
FN:158,(anonymous_19)
FNF:20
FNH:2
FNDA:4,arithmetic
FNDA:4,geometric
FNDA:0,range_step
FNDA:0,range
FNDA:0,range_wo_last
FNDA:0,recurrence_relation_1
FNDA:0,recurrence_relation_2
FNDA:0,fibonacci
FNDA:0,(anonymous_8)
FNDA:0,binomial_coefficients
FNDA:0,(anonymous_10)
FNDA:0,bernstein_basis_coefficients
FNDA:0,(anonymous_12)
FNDA:0,to_2d
FNDA:0,(anonymous_14)
FNDA:0,(anonymous_15)
FNDA:0,to_3d
FNDA:0,(anonymous_17)
FNDA:0,(anonymous_18)
FNDA:0,(anonymous_19)
DA:12,6
DA:13,4
DA:14,4
DA:15,16
DA:17,4
DA:26,6
DA:27,4
DA:28,4
DA:29,15
DA:31,4
DA:35,0
DA:36,0
DA:37,0
DA:39,0
DA:45,0
DA:46,0
DA:47,0
DA:48,0
DA:49,0
DA:51,0
DA:57,0
DA:58,0
DA:59,0
DA:60,0
DA:61,0
DA:63,0
DA:73,0
DA:74,0
DA:75,0
DA:76,0
DA:77,0
DA:79,0
DA:80,0
DA:82,0
DA:90,0
DA:91,0
DA:92,0
DA:93,0
DA:94,0
DA:96,0
DA:97,0
DA:99,0
DA:109,0
DA:121,0
DA:138,0
DA:142,0
DA:143,0
DA:144,0
DA:145,0
DA:146,0
DA:149,0
DA:153,0
DA:154,0
DA:155,0
DA:156,0
DA:157,0
DA:158,0
DA:159,0
DA:163,0
LF:59
LH:10
BRDA:12,0,0,1
BRDA:12,0,1,3
BRDA:12,1,0,2
BRDA:12,1,1,2
BRDA:26,2,0,1
BRDA:26,2,1,3
BRDA:26,3,0,2
BRDA:26,3,1,2
BRF:8
BRH:8
end_of_record
TN:
SF:D:\program\Algeol.ts\ts\algorithm\utility.ts
FN:12,normalize_rad
FN:23,normalize_deg
FN:34,deg_to_rad
FN:43,rad_to_deg
FN:54,factorial
FN:65,combination
FN:75,transpose
FN:97,bernstein_basis
FN:108,b_spline_basis
FN:119,(anonymous_9)
FN:119,(anonymous_10)
FN:121,(anonymous_11)
FN:121,(anonymous_12)
FN:127,format_02x
FN:134,(anonymous_14)
FN:134,(anonymous_15)
FN:138,(anonymous_16)
FN:138,(anonymous_17)
FN:145,clamp
FN:149,format_n
FN:156,(anonymous_20)
FN:157,(anonymous_21)
FN:157,(anonymous_22)
FN:159,(anonymous_23)
FN:188,isin
FN:198,xor
FNF:26
FNH:22
FNDA:4,normalize_rad
FNDA:4,normalize_deg
FNDA:7,deg_to_rad
FNDA:4,rad_to_deg
FNDA:12,factorial
FNDA:6,combination
FNDA:2,transpose
FNDA:0,bernstein_basis
FNDA:0,b_spline_basis
FNDA:6,(anonymous_9)
FNDA:3,(anonymous_10)
FNDA:0,(anonymous_11)
FNDA:0,(anonymous_12)
FNDA:4,format_02x
FNDA:3,(anonymous_14)
FNDA:3,(anonymous_15)
FNDA:4,(anonymous_16)
FNDA:4,(anonymous_17)
FNDA:9,clamp
FNDA:7,format_n
FNDA:2,(anonymous_20)
FNDA:18,(anonymous_21)
FNDA:33,(anonymous_22)
FNDA:18,(anonymous_23)
FNDA:5,isin
FNDA:4,xor
DA:13,4
DA:14,4
DA:15,4
DA:24,4
DA:25,4
DA:26,4
DA:35,7
DA:44,4
DA:55,12
DA:66,6
DA:67,6
DA:76,2
DA:77,2
DA:78,2
DA:79,2
DA:80,4
DA:81,4
DA:82,10
DA:85,2
DA:98,0
DA:109,0
DA:110,0
DA:112,0
DA:113,0
DA:114,0
DA:119,6
DA:121,2
DA:128,4
DA:134,3
DA:138,4
DA:146,9
DA:150,7
DA:151,7
DA:152,7
DA:156,2
DA:157,33
DA:159,30
DA:160,18
DA:161,18
DA:162,33
DA:164,18
DA:171,2
DA:175,2
DA:179,2
DA:189,5
DA:199,4
LF:46
LH:40
BRDA:14,0,0,1
BRDA:14,0,1,3
BRDA:25,1,0,1
BRDA:25,1,1,3
BRDA:109,2,0,0
BRDA:109,2,1,0
BRDA:110,3,0,0
BRDA:110,3,1,0
BRDA:110,4,0,0
BRDA:110,4,1,0
BRDA:146,5,0,1
BRDA:146,5,1,8
BRDA:146,6,0,1
BRDA:146,6,1,7
BRDA:151,7,0,0
BRDA:151,7,1,7
BRDA:159,8,0,0
BRDA:159,8,1,18
BRDA:159,9,0,12
BRDA:159,9,1,6
BRDA:156,10,0,2
BRDA:156,10,1,2
BRDA:189,11,0,5
BRDA:189,11,1,4
BRDA:199,12,0,1
BRDA:199,12,1,3
BRDA:199,13,0,4
BRDA:199,13,1,2
BRDA:199,14,0,1
BRDA:199,14,1,2
BRDA:199,15,0,3
BRDA:199,15,1,2
BRF:32
BRH:24
end_of_record
TN:
SF:D:\program\Algeol.ts\ts\algorithm\utility_const.ts
FNF:0
FNH:0
DA:4,2
DA:6,2
DA:8,2
DA:11,2
DA:13,2
DA:16,2
DA:18,2
DA:20,2
DA:22,2
DA:24,2
DA:26,2
DA:28,2
DA:30,2
DA:32,2
DA:35,2
LF:15
LH:15
BRF:0
BRH:0
end_of_record
